/home/dmx_MT/.conda/envs/timellm/lib/python3.11/site-packages/torch/cuda/__init__.py:54: FutureWarning: The pynvml package is deprecated. Please install nvidia-ml-py instead. If you did not install pynvml directly, please report this to the maintainers of the package that installed pynvml for you.
  import pynvml  # type: ignore[import]
Traceback (most recent call last):
  File "/home/dmx_MT/LZF/project/CAST/run_main.py", line 11, in <module>
    from data_provider.data_factory import data_provider
  File "/home/dmx_MT/LZF/project/CAST/data_provider/data_factory.py", line 1, in <module>
    from data_provider.data_loader import Dataset_ETT_hour, Dataset_ETT_minute, Dataset_Custom, Dataset_M4
  File "/home/dmx_MT/LZF/project/CAST/data_provider/data_loader.py", line 5, in <module>
    from sklearn.preprocessing import StandardScaler
  File "/home/dmx_MT/.conda/envs/timellm/lib/python3.11/site-packages/sklearn/__init__.py", line 82, in <module>
    from .base import clone
  File "/home/dmx_MT/.conda/envs/timellm/lib/python3.11/site-packages/sklearn/base.py", line 17, in <module>
    from .utils import _IS_32BIT
  File "/home/dmx_MT/.conda/envs/timellm/lib/python3.11/site-packages/sklearn/utils/__init__.py", line 25, in <module>
    from .fixes import parse_version, threadpool_info
  File "/home/dmx_MT/.conda/envs/timellm/lib/python3.11/site-packages/sklearn/utils/fixes.py", line 19, in <module>
    import scipy.stats
  File "/home/dmx_MT/.conda/envs/timellm/lib/python3.11/site-packages/scipy/stats/__init__.py", line 605, in <module>
    from ._stats_py import *
  File "/home/dmx_MT/.conda/envs/timellm/lib/python3.11/site-packages/scipy/stats/_stats_py.py", line 52, in <module>
    from ._hypotests import _all_partitions
  File "/home/dmx_MT/.conda/envs/timellm/lib/python3.11/site-packages/scipy/stats/_hypotests.py", line 913, in <module>
    @dataclass
     ^^^^^^^^^
  File "/home/dmx_MT/.conda/envs/timellm/lib/python3.11/dataclasses.py", line 1232, in dataclass
    return wrap(cls)
           ^^^^^^^^^
  File "/home/dmx_MT/.conda/envs/timellm/lib/python3.11/dataclasses.py", line 1222, in wrap
    return _process_class(cls, init, repr, eq, order, unsafe_hash,
           ^^^^^^^^^^^^^^^^^^^^^^^^^^^^^^^^^^^^^^^^^^^^^^^^^^^^^^^
  File "/home/dmx_MT/.conda/envs/timellm/lib/python3.11/dataclasses.py", line 1047, in _process_class
    _set_new_attribute(cls, '__repr__', _repr_fn(flds, globals))
                                        ^^^^^^^^^^^^^^^^^^^^^^^
  File "/home/dmx_MT/.conda/envs/timellm/lib/python3.11/dataclasses.py", line 589, in _repr_fn
    fn = _create_fn('__repr__',
         ^^^^^^^^^^^^^^^^^^^^^^
  File "/home/dmx_MT/.conda/envs/timellm/lib/python3.11/dataclasses.py", line 433, in _create_fn
    exec(txt, globals, ns)
  File "<string>", line 0, in <module>
KeyboardInterrupt
/home/dmx_MT/.conda/envs/timellm/lib/python3.11/site-packages/torch/cuda/__init__.py:54: FutureWarning: The pynvml package is deprecated. Please install nvidia-ml-py instead. If you did not install pynvml directly, please report this to the maintainers of the package that installed pynvml for you.
  import pynvml  # type: ignore[import]
Traceback (most recent call last):
  File "/home/dmx_MT/LZF/project/CAST/run_main.py", line 11, in <module>
    from data_provider.data_factory import data_provider
  File "/home/dmx_MT/LZF/project/CAST/data_provider/data_factory.py", line 1, in <module>
    from data_provider.data_loader import Dataset_ETT_hour, Dataset_ETT_minute, Dataset_Custom, Dataset_M4
  File "/home/dmx_MT/LZF/project/CAST/data_provider/data_loader.py", line 3, in <module>
    import pandas as pd
  File "/home/dmx_MT/.conda/envs/timellm/lib/python3.11/site-packages/pandas/__init__.py", line 22, in <module>
    from pandas.compat import is_numpy_dev as _is_numpy_dev  # pyright: ignore # noqa:F401
    ^^^^^^^^^^^^^^^^^^^^^^^^^^^^^^^^^^^^^^^^^^^^^^^^^^^^^^^
  File "/home/dmx_MT/.conda/envs/timellm/lib/python3.11/site-packages/pandas/compat/__init__.py", line 18, in <module>
    from pandas.compat.numpy import (
  File "/home/dmx_MT/.conda/envs/timellm/lib/python3.11/site-packages/pandas/compat/numpy/__init__.py", line 4, in <module>
    from pandas.util.version import Version
  File "/home/dmx_MT/.conda/envs/timellm/lib/python3.11/site-packages/pandas/util/__init__.py", line 2, in <module>
    from pandas.util._decorators import (  # noqa:F401
  File "/home/dmx_MT/.conda/envs/timellm/lib/python3.11/site-packages/pandas/util/_decorators.py", line 14, in <module>
    from pandas._libs.properties import cache_readonly
  File "/home/dmx_MT/.conda/envs/timellm/lib/python3.11/site-packages/pandas/_libs/__init__.py", line 13, in <module>
    from pandas._libs.interval import Interval
  File "pandas/_libs/interval.pyx", line 1, in init pandas._libs.interval
  File "pandas/_libs/hashtable.pyx", line 1, in init pandas._libs.hashtable
  File "pandas/_libs/missing.pyx", line 1, in init pandas._libs.missing
  File "/home/dmx_MT/.conda/envs/timellm/lib/python3.11/site-packages/pandas/_libs/tslibs/__init__.py", line 37, in <module>
    from pandas._libs.tslibs.conversion import localize_pydatetime
  File "pandas/_libs/tslibs/conversion.pyx", line 1, in init pandas._libs.tslibs.conversion
  File "pandas/_libs/tslibs/tzconversion.pyx", line 1, in init pandas._libs.tslibs.tzconversion
  File "pandas/_libs/tslibs/timezones.pyx", line 6, in init pandas._libs.tslibs.timezones
  File "/home/dmx_MT/.conda/envs/timellm/lib/python3.11/site-packages/pandas/compat/_optional.py", line 10, in <module>
    from pandas.util.version import Version
  File "/home/dmx_MT/.conda/envs/timellm/lib/python3.11/site-packages/pandas/util/version/__init__.py", line 332, in <module>
    class Version(_BaseVersion):
  File "/home/dmx_MT/.conda/envs/timellm/lib/python3.11/site-packages/pandas/util/version/__init__.py", line 334, in Version
    _regex = re.compile(r"^\s*" + VERSION_PATTERN + r"\s*$", re.VERBOSE | re.IGNORECASE)
             ^^^^^^^^^^^^^^^^^^^^^^^^^^^^^^^^^^^^^^^^^^^^^^^^^^^^^^^^^^^^^^^^^^^^^^^^^^^
  File "/home/dmx_MT/.conda/envs/timellm/lib/python3.11/re/__init__.py", line 227, in compile
    return _compile(pattern, flags)
           ^^^^^^^^^^^^^^^^^^^^^^^^
  File "/home/dmx_MT/.conda/envs/timellm/lib/python3.11/re/__init__.py", line 294, in _compile
    p = _compiler.compile(pattern, flags)
        ^^^^^^^^^^^^^^^^^^^^^^^^^^^^^^^^^
  File "/home/dmx_MT/.conda/envs/timellm/lib/python3.11/re/_compiler.py", line 745, in compile
    p = _parser.parse(p, flags)
        ^^^^^^^^^^^^^^^^^^^^^^^
  File "/home/dmx_MT/.conda/envs/timellm/lib/python3.11/re/_parser.py", line 989, in parse
    p = _parse_sub(source, state, flags & SRE_FLAG_VERBOSE, 0)
        ^^^^^^^^^^^^^^^^^^^^^^^^^^^^^^^^^^^^^^^^^^^^^^^^^^^^^^
  File "/home/dmx_MT/.conda/envs/timellm/lib/python3.11/re/_parser.py", line 464, in _parse_sub
    itemsappend(_parse(source, state, verbose, nested + 1,
                ^^^^^^^^^^^^^^^^^^^^^^^^^^^^^^^^^^^^^^^^^^
  File "/home/dmx_MT/.conda/envs/timellm/lib/python3.11/re/_parser.py", line 872, in _parse
    p = _parse_sub(source, state, sub_verbose, nested + 1)
        ^^^^^^^^^^^^^^^^^^^^^^^^^^^^^^^^^^^^^^^^^^^^^^^^^^
  File "/home/dmx_MT/.conda/envs/timellm/lib/python3.11/re/_parser.py", line 464, in _parse_sub
    itemsappend(_parse(source, state, verbose, nested + 1,
                ^^^^^^^^^^^^^^^^^^^^^^^^^^^^^^^^^^^^^^^^^^
  File "/home/dmx_MT/.conda/envs/timellm/lib/python3.11/re/_parser.py", line 872, in _parse
    p = _parse_sub(source, state, sub_verbose, nested + 1)
        ^^^^^^^^^^^^^^^^^^^^^^^^^^^^^^^^^^^^^^^^^^^^^^^^^^
  File "/home/dmx_MT/.conda/envs/timellm/lib/python3.11/re/_parser.py", line 464, in _parse_sub
    itemsappend(_parse(source, state, verbose, nested + 1,
                ^^^^^^^^^^^^^^^^^^^^^^^^^^^^^^^^^^^^^^^^^^
  File "/home/dmx_MT/.conda/envs/timellm/lib/python3.11/re/_parser.py", line 872, in _parse
    p = _parse_sub(source, state, sub_verbose, nested + 1)
        ^^^^^^^^^^^^^^^^^^^^^^^^^^^^^^^^^^^^^^^^^^^^^^^^^^
  File "/home/dmx_MT/.conda/envs/timellm/lib/python3.11/re/_parser.py", line 464, in _parse_sub
    itemsappend(_parse(source, state, verbose, nested + 1,
                ^^^^^^^^^^^^^^^^^^^^^^^^^^^^^^^^^^^^^^^^^^
  File "/home/dmx_MT/.conda/envs/timellm/lib/python3.11/re/_parser.py", line 534, in _parse
    sourceget()
  File "/home/dmx_MT/.conda/envs/timellm/lib/python3.11/re/_parser.py", line 261, in get
    def get(self):

KeyboardInterrupt
/home/dmx_MT/.conda/envs/timellm/lib/python3.11/site-packages/torch/cuda/__init__.py:54: FutureWarning: The pynvml package is deprecated. Please install nvidia-ml-py instead. If you did not install pynvml directly, please report this to the maintainers of the package that installed pynvml for you.
  import pynvml  # type: ignore[import]
Traceback (most recent call last):
  File "/home/dmx_MT/LZF/project/CAST/run_main.py", line 11, in <module>
    from data_provider.data_factory import data_provider
  File "/home/dmx_MT/LZF/project/CAST/data_provider/data_factory.py", line 1, in <module>
    from data_provider.data_loader import Dataset_ETT_hour, Dataset_ETT_minute, Dataset_Custom, Dataset_M4
  File "/home/dmx_MT/LZF/project/CAST/data_provider/data_loader.py", line 3, in <module>
    import pandas as pd
  File "/home/dmx_MT/.conda/envs/timellm/lib/python3.11/site-packages/pandas/__init__.py", line 48, in <module>
    from pandas.core.api import (
  File "/home/dmx_MT/.conda/envs/timellm/lib/python3.11/site-packages/pandas/core/api.py", line 47, in <module>
    from pandas.core.groupby import (
  File "/home/dmx_MT/.conda/envs/timellm/lib/python3.11/site-packages/pandas/core/groupby/__init__.py", line 1, in <module>
    from pandas.core.groupby.generic import (
  File "/home/dmx_MT/.conda/envs/timellm/lib/python3.11/site-packages/pandas/core/groupby/generic.py", line 76, in <module>
    from pandas.core.frame import DataFrame
  File "/home/dmx_MT/.conda/envs/timellm/lib/python3.11/site-packages/pandas/core/frame.py", line 475, in <module>
    class DataFrame(NDFrame, OpsMixin):
  File "/home/dmx_MT/.conda/envs/timellm/lib/python3.11/site-packages/pandas/core/frame.py", line 6128, in DataFrame
    @deprecate_nonkeyword_arguments(version=None, allowed_args=["self", "level"])
     ^^^^^^^^^^^^^^^^^^^^^^^^^^^^^^^^^^^^^^^^^^^^^^^^^^^^^^^^^^^^^^^^^^^^^^^^^^^^
  File "/home/dmx_MT/.conda/envs/timellm/lib/python3.11/site-packages/pandas/util/_decorators.py", line 293, in decorate
    old_sig = inspect.signature(func)
              ^^^^^^^^^^^^^^^^^^^^^^^
  File "/home/dmx_MT/.conda/envs/timellm/lib/python3.11/inspect.py", line 3263, in signature
    return Signature.from_callable(obj, follow_wrapped=follow_wrapped,
           ^^^^^^^^^^^^^^^^^^^^^^^^^^^^^^^^^^^^^^^^^^^^^^^^^^^^^^^^^^^
  File "/home/dmx_MT/.conda/envs/timellm/lib/python3.11/inspect.py", line 3011, in from_callable
    return _signature_from_callable(obj, sigcls=cls,
           ^^^^^^^^^^^^^^^^^^^^^^^^^^^^^^^^^^^^^^^^^
  File "/home/dmx_MT/.conda/envs/timellm/lib/python3.11/inspect.py", line 2523, in _signature_from_callable
    return _signature_from_function(sigcls, obj,
           ^^^^^^^^^^^^^^^^^^^^^^^^^^^^^^^^^^^^^
  File "/home/dmx_MT/.conda/envs/timellm/lib/python3.11/inspect.py", line 2385, in _signature_from_function
    parameters.append(Parameter(name, annotation=annotation,
                      ^^^^^^^^^^^^^^^^^^^^^^^^^^^^^^^^^^^^^^
  File "/home/dmx_MT/.conda/envs/timellm/lib/python3.11/inspect.py", line 2669, in __init__
    def __init__(self, name, kind, *, default=_empty, annotation=_empty):

KeyboardInterrupt
