nohup: 忽略输入
/home/dmx_MT/.conda/envs/timellm/lib/python3.11/site-packages/torch/cuda/__init__.py:54: FutureWarning: The pynvml package is deprecated. Please install nvidia-ml-py instead. If you did not install pynvml directly, please report this to the maintainers of the package that installed pynvml for you.
  import pynvml  # type: ignore[import]
[CausalSWT] 创建因果平稳小波变换
  - 小波类型: haar
  - 滤波器长度: 2
  - 分解层数: 2
  - 输出频段数: 3
  - 特性: 严格因果（仅使用过去数据）
======================================================================
[WIST-PE] Wavelet-Informed Spatio-Temporal Patch Embedding 已启用
======================================================================
  ├─ 小波基类型: haar
  ├─ 分解层数: 2
  ├─ 频段数量: 3 (1个低频 + 2个高频)
  ├─ Patch 长度: 16
  ├─ Stride: 8
  ├─ 输出维度: 64
  ├─ 频段 Embedding: ❌ 未启用
  ├─ 投影方式: ✅ 因果卷积 (CausalConv1d, kernel=3)
  ├─ 融合模式: ✅ 分层金字塔融合 (Pyramid Fusion)
  │   ├─ 中频 Dropout: p=0.2
  │   ├─ 高频 Dropout: p=0.2
  │   └─ 融合顺序: cD_1 → cD_2 → ... → cD_n → cA
  ├─ 高频融合机制: ✅ 频率注意力V1 (用于forward_separated/CWPR)
  │   └─ 仅融合高频频段 [cD_n, ..., cD_1]，低频cA单独输出
  ├─ 全频段融合机制: 门控融合 (Gate Fusion)
  ├─ 门控初始化: bias=2.0 (低频≈88%)
  ├─ 软阈值去噪: ✅ 启用 (可学习阈值)
  ├─ 位置编码: ❌ 关闭
  └─ 特性: 全局因果小波分解 + 差异化处理 + 金字塔融合
======================================================================
[TimeLLM] 使用 WISTPatchEmbedding (WIST-PE 全局因果小波方案)
[seed_word_selector] ⚠️  发现 328 个重叠词，正在移除...
[seed_word_selector] ✅ 补充了 328 个细节词
[seed_word_selector] ✅ 验证通过: 两个种子词集完全不相交
[seed_word_selector]    - 趋势种子词: 1000 个（唯一）
[seed_word_selector]    - 细节种子词: 1000 个（唯一）
[seed_word_selector]    - 交集大小: 0（完全隔离）
======================================================================
[TimeLLM] ✅ 启用分离原型模式（语义筛选映射 + MLP非线性映射）
======================================================================
  ├─ 趋势种子词: 1000 个 → 1000 个趋势原型
  ├─ 细节种子词: 1000 个 → 1000 个细节原型
  ├─ 语义过滤: ✅ 启用
  ├─ 映射层配置（策略一：MLP非线性映射）:
  │   ├─ 趋势映射: MLP(1000 → 4096 → 1000)
  │   │   └─ 参数量: 8,192,000 (8.19M)
  │   └─ 细节映射: MLP(1000 → 4096 → 1000)
  │       └─ 参数量: 8,192,000 (8.19M)
  ├─ MLP总参数量: 16,384,000 (16.38M)
  ├─ 激活函数: GELU (非线性映射)
  ├─ Dropout率: 0.1
  ├─ Buffer状态: 种子词embeddings已注册为Buffer（不参与梯度更新）
  └─ 数据流: 种子词(Buffer) → MLP映射层(可学习) → 原型词 → ReprogrammingLayer
======================================================================
[TimeLLM] 使用 DualReprogrammingLayer (分离原型: 1000+1000, 融合方法=adaptive_gate)
[TimeLLM] 使用 FlattenHead (原版输出头)
[TimeLLM] 使用原版Prompt（无小波特征）
[2025-12-22 14:21:43,838] [INFO] [real_accelerator.py:191:get_accelerator] Setting ds_accelerator to cuda (auto detect)
[2025-12-22 14:21:44,195] [INFO] [logging.py:96:log_dist] [Rank -1] DeepSpeed info: version=0.14.0, git-hash=unknown, git-branch=unknown
[2025-12-22 14:21:44,196] [INFO] [comm.py:637:init_distributed] cdb=None
[2025-12-22 14:21:44,196] [INFO] [comm.py:652:init_distributed] Not using the DeepSpeed or dist launchers, attempting to detect MPI environment...
[2025-12-22 14:21:44,977] [INFO] [comm.py:702:mpi_discovery] Discovered MPI settings of world_rank=0, local_rank=0, world_size=1, master_addr=172.23.21.220, master_port=29500
[2025-12-22 14:21:44,977] [INFO] [comm.py:668:init_distributed] Initializing TorchBackend in DeepSpeed with backend nccl
[2025-12-22 14:21:48,040] [INFO] [logging.py:96:log_dist] [Rank 0] DeepSpeed Flops Profiler Enabled: False
[2025-12-22 14:21:48,042] [INFO] [logging.py:96:log_dist] [Rank 0] Using client Optimizer as basic optimizer
[2025-12-22 14:21:48,042] [INFO] [logging.py:96:log_dist] [Rank 0] Removing param_group that has no 'params' in the basic Optimizer
[2025-12-22 14:21:48,044] [INFO] [logging.py:96:log_dist] [Rank 0] DeepSpeed Basic Optimizer = Adam
[2025-12-22 14:21:48,044] [INFO] [utils.py:56:is_zero_supported_optimizer] Checking ZeRO support for optimizer=Adam type=<class 'torch.optim.adam.Adam'>
[2025-12-22 14:21:48,044] [INFO] [logging.py:96:log_dist] [Rank 0] Creating torch.bfloat16 ZeRO stage 2 optimizer
[2025-12-22 14:21:48,044] [INFO] [stage_1_and_2.py:149:__init__] Reduce bucket size 200000000
[2025-12-22 14:21:48,044] [INFO] [stage_1_and_2.py:150:__init__] Allgather bucket size 200000000
[2025-12-22 14:21:48,044] [INFO] [stage_1_and_2.py:151:__init__] CPU Offload: False
[2025-12-22 14:21:48,044] [INFO] [stage_1_and_2.py:152:__init__] Round robin gradient partitioning: False
[2025-12-22 14:21:49,174] [INFO] [utils.py:800:see_memory_usage] Before initializing optimizer states
[2025-12-22 14:21:49,175] [INFO] [utils.py:801:see_memory_usage] MA 0.27 GB         Max_MA 0.31 GB         CA 0.32 GB         Max_CA 0 GB 
[2025-12-22 14:21:49,176] [INFO] [utils.py:808:see_memory_usage] CPU Virtual Memory:  used = 114.96 GB, percent = 22.8%
[2025-12-22 14:21:49,498] [INFO] [utils.py:800:see_memory_usage] After initializing optimizer states
[2025-12-22 14:21:49,499] [INFO] [utils.py:801:see_memory_usage] MA 0.27 GB         Max_MA 0.34 GB         CA 0.4 GB         Max_CA 0 GB 
[2025-12-22 14:21:49,499] [INFO] [utils.py:808:see_memory_usage] CPU Virtual Memory:  used = 114.96 GB, percent = 22.8%
[2025-12-22 14:21:49,499] [INFO] [stage_1_and_2.py:539:__init__] optimizer state initialized
[2025-12-22 14:21:49,772] [INFO] [utils.py:800:see_memory_usage] After initializing ZeRO optimizer
[2025-12-22 14:21:49,774] [INFO] [utils.py:801:see_memory_usage] MA 0.27 GB         Max_MA 0.27 GB         CA 0.4 GB         Max_CA 0 GB 
[2025-12-22 14:21:49,775] [INFO] [utils.py:808:see_memory_usage] CPU Virtual Memory:  used = 114.96 GB, percent = 22.8%
[2025-12-22 14:21:49,784] [INFO] [logging.py:96:log_dist] [Rank 0] DeepSpeed Final Optimizer = Adam
[2025-12-22 14:21:49,785] [INFO] [logging.py:96:log_dist] [Rank 0] DeepSpeed using client LR scheduler
[2025-12-22 14:21:49,785] [INFO] [logging.py:96:log_dist] [Rank 0] DeepSpeed LR Scheduler = None
[2025-12-22 14:21:49,785] [INFO] [logging.py:96:log_dist] [Rank 0] step=0, skipped=0, lr=[4.000000000000002e-06], mom=[(0.95, 0.999)]
[2025-12-22 14:21:49,786] [INFO] [config.py:996:print] DeepSpeedEngine configuration:
[2025-12-22 14:21:49,787] [INFO] [config.py:1000:print]   activation_checkpointing_config  {
    "partition_activations": false, 
    "contiguous_memory_optimization": false, 
    "cpu_checkpointing": false, 
    "number_checkpoints": null, 
    "synchronize_checkpoint_boundary": false, 
    "profile": false
}
[2025-12-22 14:21:49,788] [INFO] [config.py:1000:print]   aio_config ................... {'block_size': 1048576, 'queue_depth': 8, 'thread_count': 1, 'single_submit': False, 'overlap_events': True}
[2025-12-22 14:21:49,788] [INFO] [config.py:1000:print]   amp_enabled .................. False
[2025-12-22 14:21:49,788] [INFO] [config.py:1000:print]   amp_params ................... False
[2025-12-22 14:21:49,789] [INFO] [config.py:1000:print]   autotuning_config ............ {
    "enabled": false, 
    "start_step": null, 
    "end_step": null, 
    "metric_path": null, 
    "arg_mappings": null, 
    "metric": "throughput", 
    "model_info": null, 
    "results_dir": "autotuning_results", 
    "exps_dir": "autotuning_exps", 
    "overwrite": true, 
    "fast": true, 
    "start_profile_step": 3, 
    "end_profile_step": 5, 
    "tuner_type": "gridsearch", 
    "tuner_early_stopping": 5, 
    "tuner_num_trials": 50, 
    "model_info_path": null, 
    "mp_size": 1, 
    "max_train_batch_size": null, 
    "min_train_batch_size": 1, 
    "max_train_micro_batch_size_per_gpu": 1.024000e+03, 
    "min_train_micro_batch_size_per_gpu": 1, 
    "num_tuning_micro_batch_sizes": 3
}
[2025-12-22 14:21:49,789] [INFO] [config.py:1000:print]   bfloat16_enabled ............. True
[2025-12-22 14:21:49,789] [INFO] [config.py:1000:print]   bfloat16_immediate_grad_update  False
[2025-12-22 14:21:49,789] [INFO] [config.py:1000:print]   checkpoint_parallel_write_pipeline  False
[2025-12-22 14:21:49,790] [INFO] [config.py:1000:print]   checkpoint_tag_validation_enabled  True
[2025-12-22 14:21:49,790] [INFO] [config.py:1000:print]   checkpoint_tag_validation_fail  False
[2025-12-22 14:21:49,790] [INFO] [config.py:1000:print]   comms_config ................. <deepspeed.comm.config.DeepSpeedCommsConfig object at 0x7fcb275f77d0>
[2025-12-22 14:21:49,790] [INFO] [config.py:1000:print]   communication_data_type ...... None
[2025-12-22 14:21:49,791] [INFO] [config.py:1000:print]   compile_config ............... enabled=False backend='inductor' kwargs={}
[2025-12-22 14:21:49,791] [INFO] [config.py:1000:print]   compression_config ........... {'weight_quantization': {'shared_parameters': {'enabled': False, 'quantizer_kernel': False, 'schedule_offset': 0, 'quantize_groups': 1, 'quantize_verbose': False, 'quantization_type': 'symmetric', 'quantize_weight_in_forward': False, 'rounding': 'nearest', 'fp16_mixed_quantize': False, 'quantize_change_ratio': 0.001}, 'different_groups': {}}, 'activation_quantization': {'shared_parameters': {'enabled': False, 'quantization_type': 'symmetric', 'range_calibration': 'dynamic', 'schedule_offset': 1000}, 'different_groups': {}}, 'sparse_pruning': {'shared_parameters': {'enabled': False, 'method': 'l1', 'schedule_offset': 1000}, 'different_groups': {}}, 'row_pruning': {'shared_parameters': {'enabled': False, 'method': 'l1', 'schedule_offset': 1000}, 'different_groups': {}}, 'head_pruning': {'shared_parameters': {'enabled': False, 'method': 'topk', 'schedule_offset': 1000}, 'different_groups': {}}, 'channel_pruning': {'shared_parameters': {'enabled': False, 'method': 'l1', 'schedule_offset': 1000}, 'different_groups': {}}, 'layer_reduction': {'enabled': False}}
[2025-12-22 14:21:49,791] [INFO] [config.py:1000:print]   curriculum_enabled_legacy .... False
[2025-12-22 14:21:49,791] [INFO] [config.py:1000:print]   curriculum_params_legacy ..... False
[2025-12-22 14:21:49,792] [INFO] [config.py:1000:print]   data_efficiency_config ....... {'enabled': False, 'seed': 1234, 'data_sampling': {'enabled': False, 'num_epochs': 1000, 'num_workers': 0, 'curriculum_learning': {'enabled': False}}, 'data_routing': {'enabled': False, 'random_ltd': {'enabled': False, 'layer_token_lr_schedule': {'enabled': False}}}}
[2025-12-22 14:21:49,792] [INFO] [config.py:1000:print]   data_efficiency_enabled ...... False
[2025-12-22 14:21:49,792] [INFO] [config.py:1000:print]   dataloader_drop_last ......... False
[2025-12-22 14:21:49,792] [INFO] [config.py:1000:print]   disable_allgather ............ False
[2025-12-22 14:21:49,792] [INFO] [config.py:1000:print]   dump_state ................... False
[2025-12-22 14:21:49,793] [INFO] [config.py:1000:print]   dynamic_loss_scale_args ...... None
[2025-12-22 14:21:49,793] [INFO] [config.py:1000:print]   eigenvalue_enabled ........... False
[2025-12-22 14:21:49,793] [INFO] [config.py:1000:print]   eigenvalue_gas_boundary_resolution  1
[2025-12-22 14:21:49,793] [INFO] [config.py:1000:print]   eigenvalue_layer_name ........ bert.encoder.layer
[2025-12-22 14:21:49,793] [INFO] [config.py:1000:print]   eigenvalue_layer_num ......... 0
[2025-12-22 14:21:49,794] [INFO] [config.py:1000:print]   eigenvalue_max_iter .......... 100
[2025-12-22 14:21:49,794] [INFO] [config.py:1000:print]   eigenvalue_stability ......... 1e-06
[2025-12-22 14:21:49,794] [INFO] [config.py:1000:print]   eigenvalue_tol ............... 0.01
[2025-12-22 14:21:49,794] [INFO] [config.py:1000:print]   eigenvalue_verbose ........... False
[2025-12-22 14:21:49,795] [INFO] [config.py:1000:print]   elasticity_enabled ........... False
[2025-12-22 14:21:49,795] [INFO] [config.py:1000:print]   flops_profiler_config ........ {
    "enabled": false, 
    "recompute_fwd_factor": 0.0, 
    "profile_step": 1, 
    "module_depth": -1, 
    "top_modules": 1, 
    "detailed": true, 
    "output_file": null
}
[2025-12-22 14:21:49,795] [INFO] [config.py:1000:print]   fp16_auto_cast ............... None
[2025-12-22 14:21:49,802] [INFO] [config.py:1000:print]   fp16_enabled ................. False
[2025-12-22 14:21:49,803] [INFO] [config.py:1000:print]   fp16_master_weights_and_gradients  False
[2025-12-22 14:21:49,803] [INFO] [config.py:1000:print]   global_rank .................. 0
[2025-12-22 14:21:49,803] [INFO] [config.py:1000:print]   grad_accum_dtype ............. None
[2025-12-22 14:21:49,803] [INFO] [config.py:1000:print]   gradient_accumulation_steps .. 1
[2025-12-22 14:21:49,803] [INFO] [config.py:1000:print]   gradient_clipping ............ 0.0
[2025-12-22 14:21:49,803] [INFO] [config.py:1000:print]   gradient_predivide_factor .... 1.0
[2025-12-22 14:21:49,804] [INFO] [config.py:1000:print]   graph_harvesting ............. False
[2025-12-22 14:21:49,804] [INFO] [config.py:1000:print]   hybrid_engine ................ enabled=False max_out_tokens=512 inference_tp_size=1 release_inference_cache=False pin_parameters=True tp_gather_partition_size=8
[2025-12-22 14:21:49,804] [INFO] [config.py:1000:print]   initial_dynamic_scale ........ 1
[2025-12-22 14:21:49,804] [INFO] [config.py:1000:print]   load_universal_checkpoint .... False
[2025-12-22 14:21:49,804] [INFO] [config.py:1000:print]   loss_scale ................... 1.0
[2025-12-22 14:21:49,805] [INFO] [config.py:1000:print]   memory_breakdown ............. False
[2025-12-22 14:21:49,805] [INFO] [config.py:1000:print]   mics_hierarchial_params_gather  False
[2025-12-22 14:21:49,805] [INFO] [config.py:1000:print]   mics_shard_size .............. -1
[2025-12-22 14:21:49,805] [INFO] [config.py:1000:print]   monitor_config ............... tensorboard=TensorBoardConfig(enabled=False, output_path='', job_name='DeepSpeedJobName') wandb=WandbConfig(enabled=False, group=None, team=None, project='deepspeed') csv_monitor=CSVConfig(enabled=False, output_path='', job_name='DeepSpeedJobName') enabled=False
[2025-12-22 14:21:49,805] [INFO] [config.py:1000:print]   nebula_config ................ {
    "enabled": false, 
    "persistent_storage_path": null, 
    "persistent_time_interval": 100, 
    "num_of_version_in_retention": 2, 
    "enable_nebula_load": true, 
    "load_path": null
}
[2025-12-22 14:21:49,806] [INFO] [config.py:1000:print]   optimizer_legacy_fusion ...... False
[2025-12-22 14:21:49,806] [INFO] [config.py:1000:print]   optimizer_name ............... None
[2025-12-22 14:21:49,806] [INFO] [config.py:1000:print]   optimizer_params ............. None
[2025-12-22 14:21:49,806] [INFO] [config.py:1000:print]   pipeline ..................... {'stages': 'auto', 'partition': 'best', 'seed_layers': False, 'activation_checkpoint_interval': 0, 'pipe_partitioned': True, 'grad_partitioned': True}
[2025-12-22 14:21:49,806] [INFO] [config.py:1000:print]   pld_enabled .................. False
[2025-12-22 14:21:49,806] [INFO] [config.py:1000:print]   pld_params ................... False
[2025-12-22 14:21:49,807] [INFO] [config.py:1000:print]   prescale_gradients ........... False
[2025-12-22 14:21:49,807] [INFO] [config.py:1000:print]   scheduler_name ............... None
[2025-12-22 14:21:49,807] [INFO] [config.py:1000:print]   scheduler_params ............. None
[2025-12-22 14:21:49,807] [INFO] [config.py:1000:print]   seq_parallel_communication_data_type  torch.float32
[2025-12-22 14:21:49,807] [INFO] [config.py:1000:print]   sparse_attention ............. None
[2025-12-22 14:21:49,807] [INFO] [config.py:1000:print]   sparse_gradients_enabled ..... False
[2025-12-22 14:21:49,808] [INFO] [config.py:1000:print]   steps_per_print .............. inf
[2025-12-22 14:21:49,808] [INFO] [config.py:1000:print]   train_batch_size ............. 24
[2025-12-22 14:21:49,808] [INFO] [config.py:1000:print]   train_micro_batch_size_per_gpu  24
[2025-12-22 14:21:49,808] [INFO] [config.py:1000:print]   use_data_before_expert_parallel_  False
[2025-12-22 14:21:49,808] [INFO] [config.py:1000:print]   use_node_local_storage ....... False
[2025-12-22 14:21:49,808] [INFO] [config.py:1000:print]   wall_clock_breakdown ......... False
[2025-12-22 14:21:49,809] [INFO] [config.py:1000:print]   weight_quantization_config ... None
[2025-12-22 14:21:49,809] [INFO] [config.py:1000:print]   world_size ................... 1
[2025-12-22 14:21:49,809] [INFO] [config.py:1000:print]   zero_allow_untested_optimizer  True
[2025-12-22 14:21:49,809] [INFO] [config.py:1000:print]   zero_config .................. stage=2 contiguous_gradients=True reduce_scatter=True reduce_bucket_size=200000000 use_multi_rank_bucket_allreduce=True allgather_partitions=True allgather_bucket_size=200000000 overlap_comm=True load_from_fp32_weights=True elastic_checkpoint=False offload_param=None offload_optimizer=None sub_group_size=1000000000 cpu_offload_param=None cpu_offload_use_pin_memory=None cpu_offload=None prefetch_bucket_size=50,000,000 param_persistence_threshold=100,000 model_persistence_threshold=sys.maxsize max_live_parameters=1,000,000,000 max_reuse_distance=1,000,000,000 gather_16bit_weights_on_model_save=False stage3_gather_fp16_weights_on_model_save=False ignore_unused_parameters=True legacy_stage1=False round_robin_gradients=False zero_hpz_partition_size=1 zero_quantized_weights=False zero_quantized_nontrainable_weights=False zero_quantized_gradients=False mics_shard_size=-1 mics_hierarchical_params_gather=False memory_efficient_linear=True pipeline_loading_checkpoint=False override_module_apply=True
[2025-12-22 14:21:49,809] [INFO] [config.py:1000:print]   zero_enabled ................. True
[2025-12-22 14:21:49,810] [INFO] [config.py:1000:print]   zero_force_ds_cpu_optimizer .. True
[2025-12-22 14:21:49,810] [INFO] [config.py:1000:print]   zero_optimization_stage ...... 2
[2025-12-22 14:21:49,810] [INFO] [config.py:986:print_user_config]   json = {
    "bf16": {
        "enabled": true, 
        "auto_cast": true
    }, 
    "zero_optimization": {
        "stage": 2, 
        "allgather_partitions": true, 
        "allgather_bucket_size": 2.000000e+08, 
        "overlap_comm": true, 
        "reduce_scatter": true, 
        "reduce_bucket_size": 2.000000e+08, 
        "contiguous_gradients": true, 
        "sub_group_size": 1.000000e+09
    }, 
    "gradient_accumulation_steps": 1, 
    "train_batch_size": 24, 
    "train_micro_batch_size_per_gpu": 24, 
    "steps_per_print": inf, 
    "wall_clock_breakdown": false, 
    "fp16": {
        "enabled": false
    }, 
    "zero_allow_untested_optimizer": true
}

1it [00:02,  2.31s/it]
2it [00:02,  1.01s/it]
	iters: 100, epoch: 1 | loss: 0.7433215
	speed: 0.2205s/iter; left time: 7725.2771s
	iters: 200, epoch: 1 | loss: 0.6221793
	speed: 0.1205s/iter; left time: 4209.9857s
	iters: 300, epoch: 1 | loss: 0.5664214
	speed: 0.1061s/iter; left time: 3694.1440s
	iters: 400, epoch: 1 | loss: 0.8264076
	speed: 0.1014s/iter; left time: 3522.9293s
	iters: 500, epoch: 1 | loss: 0.7257186
	speed: 0.1163s/iter; left time: 4028.8053s
	iters: 600, epoch: 1 | loss: 0.5872747
	speed: 0.1103s/iter; left time: 3810.1004s
	iters: 700, epoch: 1 | loss: 0.7089453
	speed: 0.1055s/iter; left time: 3633.8163s
	iters: 800, epoch: 1 | loss: 0.6966873
	speed: 0.1263s/iter; left time: 4336.4274s
	iters: 900, epoch: 1 | loss: 0.4843225
	speed: 0.1133s/iter; left time: 3877.4716s
	iters: 1000, epoch: 1 | loss: 0.6665949
	speed: 0.1117s/iter; left time: 3813.9202s
	iters: 1100, epoch: 1 | loss: 0.6145989
	speed: 0.1134s/iter; left time: 3857.8617s
	iters: 1200, epoch: 1 | loss: 0.3411058
	speed: 0.1161s/iter; left time: 3938.7860s
	iters: 1300, epoch: 1 | loss: 0.6366808
	speed: 0.1118s/iter; left time: 3783.0277s
	iters: 1400, epoch: 1 | loss: 0.4225375
	speed: 0.1081s/iter; left time: 3644.6592s
	iters: 1500, epoch: 1 | loss: 0.5266733
	speed: 0.1118s/iter; left time: 3761.1857s
	iters: 1600, epoch: 1 | loss: 0.5532663
	speed: 0.1108s/iter; left time: 3716.6397s
	iters: 1700, epoch: 1 | loss: 0.4607403
	speed: 0.1115s/iter; left time: 3728.4759s
	iters: 1800, epoch: 1 | loss: 0.5869181
	speed: 0.1085s/iter; left time: 3614.7620s
	iters: 1900, epoch: 1 | loss: 0.3282224
	speed: 0.1092s/iter; left time: 3630.3922s
	iters: 2000, epoch: 1 | loss: 0.4198302
	speed: 0.1110s/iter; left time: 3676.1307s
	iters: 2100, epoch: 1 | loss: 0.3181736
	speed: 0.1112s/iter; left time: 3673.9726s
	iters: 2200, epoch: 1 | loss: 0.5444713
	speed: 0.1080s/iter; left time: 3557.6615s
	iters: 2300, epoch: 1 | loss: 0.3071346
	speed: 0.1125s/iter; left time: 3691.8848s
Epoch: 1 cost time: 265.7802662849426


Epoch: 1 | Train Loss: 0.5399443 Vali Loss: 0.7842546 Test Loss: 0.4242172 MAE Loss: 0.4385433
lr = 0.0000040000
Updating learning rate to 4.000000000000002e-06

1it [00:01,  1.07s/it]
	iters: 100, epoch: 2 | loss: 0.3557279
	speed: 1.2042s/iter; left time: 39364.0605s
	iters: 200, epoch: 2 | loss: 0.4049303
	speed: 0.1117s/iter; left time: 3641.5138s
	iters: 300, epoch: 2 | loss: 0.4730543
	speed: 0.1073s/iter; left time: 3486.5662s
	iters: 400, epoch: 2 | loss: 0.3066453
	speed: 0.1084s/iter; left time: 3510.5152s
	iters: 500, epoch: 2 | loss: 0.4766092
	speed: 0.1135s/iter; left time: 3665.4079s
	iters: 600, epoch: 2 | loss: 0.4597724
	speed: 0.1065s/iter; left time: 3427.0743s
	iters: 700, epoch: 2 | loss: 0.3977991
	speed: 0.1089s/iter; left time: 3494.2113s
	iters: 800, epoch: 2 | loss: 0.2936868
	speed: 0.1061s/iter; left time: 3393.5502s
	iters: 900, epoch: 2 | loss: 0.3748187
	speed: 0.1079s/iter; left time: 3439.4990s
	iters: 1000, epoch: 2 | loss: 0.5277501
	speed: 0.1042s/iter; left time: 3311.0890s
	iters: 1100, epoch: 2 | loss: 0.3764372
	speed: 0.1120s/iter; left time: 3549.7387s
	iters: 1200, epoch: 2 | loss: 0.2491403
	speed: 0.1053s/iter; left time: 3327.2092s
	iters: 1300, epoch: 2 | loss: 0.4106671
	speed: 0.1132s/iter; left time: 3564.5055s
	iters: 1400, epoch: 2 | loss: 0.4031064
	speed: 0.1021s/iter; left time: 3205.5099s
	iters: 1500, epoch: 2 | loss: 0.6030840
	speed: 0.1081s/iter; left time: 3381.5011s
	iters: 1600, epoch: 2 | loss: 0.3482726
	speed: 0.1169s/iter; left time: 3646.3516s
	iters: 1700, epoch: 2 | loss: 0.3737661
	speed: 0.1097s/iter; left time: 3411.2345s
	iters: 1800, epoch: 2 | loss: 0.3558198
	speed: 0.1153s/iter; left time: 3574.4545s
	iters: 1900, epoch: 2 | loss: 0.4213328
	speed: 0.1113s/iter; left time: 3438.3805s
	iters: 2000, epoch: 2 | loss: 0.4572727
	speed: 0.1074s/iter; left time: 3306.2002s
	iters: 2100, epoch: 2 | loss: 0.5308688
	speed: 0.1092s/iter; left time: 3350.4377s
	iters: 2200, epoch: 2 | loss: 0.3240090
	speed: 0.1035s/iter; left time: 3166.4370s
	iters: 2300, epoch: 2 | loss: 0.4781123
	speed: 0.1132s/iter; left time: 3450.6965s
Epoch: 2 cost time: 256.97190952301025


Epoch: 2 | Train Loss: 0.4214178 Vali Loss: 0.7365314 Test Loss: 0.4049210 MAE Loss: 0.4266329
Updating learning rate to 2.000000000000001e-06

	iters: 100, epoch: 3 | loss: 0.3536116
	speed: 1.1988s/iter; left time: 36381.1219s
	iters: 200, epoch: 3 | loss: 0.4876034
	speed: 0.1111s/iter; left time: 3360.1862s
	iters: 300, epoch: 3 | loss: 0.3397554
	speed: 0.1089s/iter; left time: 3284.1042s
	iters: 400, epoch: 3 | loss: 0.5919681
	speed: 0.1157s/iter; left time: 3476.7724s
	iters: 500, epoch: 3 | loss: 0.4848968
	speed: 0.1158s/iter; left time: 3468.6758s
	iters: 600, epoch: 3 | loss: 0.3970119
	speed: 0.1076s/iter; left time: 3212.6062s
	iters: 700, epoch: 3 | loss: 0.4375184
	speed: 0.1133s/iter; left time: 3371.5810s
	iters: 800, epoch: 3 | loss: 0.4032362
	speed: 0.1133s/iter; left time: 3357.5331s
	iters: 900, epoch: 3 | loss: 0.3196382
	speed: 0.1098s/iter; left time: 3243.0585s
	iters: 1000, epoch: 3 | loss: 0.4676426
	speed: 0.1128s/iter; left time: 3320.5639s
	iters: 1100, epoch: 3 | loss: 0.3797630
	speed: 0.1044s/iter; left time: 3064.7552s
	iters: 1200, epoch: 3 | loss: 0.4148310
	speed: 0.1132s/iter; left time: 3311.6706s
	iters: 1300, epoch: 3 | loss: 0.3959180
	speed: 0.1111s/iter; left time: 3236.8026s
	iters: 1400, epoch: 3 | loss: 0.3314776
	speed: 0.1088s/iter; left time: 3159.8586s
	iters: 1500, epoch: 3 | loss: 0.5427955
	speed: 0.1108s/iter; left time: 3207.5858s
	iters: 1600, epoch: 3 | loss: 0.6020561
	speed: 0.1075s/iter; left time: 3099.7778s
	iters: 1700, epoch: 3 | loss: 0.5363291
	speed: 0.1095s/iter; left time: 3146.5135s
	iters: 1800, epoch: 3 | loss: 0.4181384
	speed: 0.1067s/iter; left time: 3057.8885s
	iters: 1900, epoch: 3 | loss: 0.3561367
	speed: 0.1100s/iter; left time: 3140.8599s
	iters: 2000, epoch: 3 | loss: 0.3948264
	speed: 0.1108s/iter; left time: 3151.0137s
	iters: 2100, epoch: 3 | loss: 0.3715261
	speed: 0.1090s/iter; left time: 3090.2045s
	iters: 2200, epoch: 3 | loss: 0.3046463
	speed: 0.1080s/iter; left time: 3051.7777s
	iters: 2300, epoch: 3 | loss: 0.3653127
	speed: 0.1116s/iter; left time: 3142.3121s
Epoch: 3 cost time: 258.76817655563354


Epoch: 3 | Train Loss: 0.4060432 Vali Loss: 0.7215697 Test Loss: 0.3927447 MAE Loss: 0.4179356
Updating learning rate to 1.0000000000000006e-06

	iters: 100, epoch: 4 | loss: 0.5266002
	speed: 1.2095s/iter; left time: 33871.4233s
	iters: 200, epoch: 4 | loss: 0.3215159
	speed: 0.1000s/iter; left time: 2789.8875s
	iters: 300, epoch: 4 | loss: 0.7098129
	speed: 0.1121s/iter; left time: 3116.7289s
	iters: 400, epoch: 4 | loss: 0.3564354
	speed: 0.1092s/iter; left time: 3024.4337s
	iters: 500, epoch: 4 | loss: 0.4472576
	speed: 0.1061s/iter; left time: 2929.3310s
	iters: 600, epoch: 4 | loss: 0.4682138
	speed: 0.1141s/iter; left time: 3137.3123s
	iters: 700, epoch: 4 | loss: 0.3742914
	speed: 0.1081s/iter; left time: 2963.4032s
	iters: 800, epoch: 4 | loss: 0.3095896
	speed: 0.1094s/iter; left time: 2987.4638s
	iters: 900, epoch: 4 | loss: 0.2231761
	speed: 0.1148s/iter; left time: 3124.2301s
	iters: 1000, epoch: 4 | loss: 0.3922184
	speed: 0.1107s/iter; left time: 2999.9843s
	iters: 1100, epoch: 4 | loss: 0.2826518
	speed: 0.1193s/iter; left time: 3221.6469s
	iters: 1200, epoch: 4 | loss: 0.3058224
	speed: 0.1135s/iter; left time: 3054.7555s
	iters: 1300, epoch: 4 | loss: 0.3933472
	speed: 0.1136s/iter; left time: 3044.2615s
	iters: 1400, epoch: 4 | loss: 0.4082845
	speed: 0.1125s/iter; left time: 3004.9467s
	iters: 1500, epoch: 4 | loss: 0.4918579
	speed: 0.1122s/iter; left time: 2986.1554s
	iters: 1600, epoch: 4 | loss: 0.3382279
	speed: 0.1056s/iter; left time: 2797.6840s
	iters: 1700, epoch: 4 | loss: 0.2484929
	speed: 0.1044s/iter; left time: 2757.9366s
	iters: 1800, epoch: 4 | loss: 0.4165558
	speed: 0.1119s/iter; left time: 2944.5221s
	iters: 1900, epoch: 4 | loss: 0.3916214
	speed: 0.1121s/iter; left time: 2937.1616s
	iters: 2000, epoch: 4 | loss: 0.3253926
	speed: 0.1110s/iter; left time: 2896.8416s
	iters: 2100, epoch: 4 | loss: 0.4374327
	speed: 0.1109s/iter; left time: 2883.5825s
	iters: 2200, epoch: 4 | loss: 0.6224709
	speed: 0.1124s/iter; left time: 2910.4586s
	iters: 2300, epoch: 4 | loss: 0.4033228
	speed: 0.1091s/iter; left time: 2814.7630s
Epoch: 4 cost time: 259.88101267814636


Epoch: 4 | Train Loss: 0.4010250 Vali Loss: 0.7212320 Test Loss: 0.3892065 MAE Loss: 0.4148752
Updating learning rate to 5.000000000000003e-07

