nohup: 忽略输入
/home/dmx_MT/.conda/envs/timellm/lib/python3.11/site-packages/torch/cuda/__init__.py:54: FutureWarning: The pynvml package is deprecated. Please install nvidia-ml-py instead. If you did not install pynvml directly, please report this to the maintainers of the package that installed pynvml for you.
  import pynvml  # type: ignore[import]
============================================================
[WaveletPatchEmbedding] 小波多分辨率 Patch Embedding 已启用
============================================================
  ├─ Patch 长度: 16
  ├─ Stride: 8
  ├─ 输出维度: 32
  ├─ 小波分解: Haar DWT (单级)
  ├─ 低频分量长度: 8
  ├─ 高频分量长度: 8
  ├─ 门控初始化: 偏向低频 (Trend ~88%, Detail ~12%)
  ├─ 高频 Dropout: p=0.5 (防过拟合)
  └─ 输出 Dropout: p=0.1
============================================================
[TimeLLM] 使用 WaveletPatchEmbedding (小波多分辨率)
[2025-12-09 23:43:11,016] [INFO] [real_accelerator.py:191:get_accelerator] Setting ds_accelerator to cuda (auto detect)
[2025-12-09 23:43:11,336] [INFO] [logging.py:96:log_dist] [Rank -1] DeepSpeed info: version=0.14.0, git-hash=unknown, git-branch=unknown
[2025-12-09 23:43:11,336] [INFO] [comm.py:637:init_distributed] cdb=None
[2025-12-09 23:43:11,337] [INFO] [comm.py:652:init_distributed] Not using the DeepSpeed or dist launchers, attempting to detect MPI environment...
[2025-12-09 23:43:11,755] [INFO] [comm.py:702:mpi_discovery] Discovered MPI settings of world_rank=0, local_rank=0, world_size=1, master_addr=172.23.21.220, master_port=29500
[2025-12-09 23:43:11,755] [INFO] [comm.py:668:init_distributed] Initializing TorchBackend in DeepSpeed with backend nccl
[2025-12-09 23:43:13,099] [INFO] [logging.py:96:log_dist] [Rank 0] DeepSpeed Flops Profiler Enabled: False
[2025-12-09 23:43:13,100] [INFO] [logging.py:96:log_dist] [Rank 0] Using client Optimizer as basic optimizer
[2025-12-09 23:43:13,100] [INFO] [logging.py:96:log_dist] [Rank 0] Removing param_group that has no 'params' in the basic Optimizer
[2025-12-09 23:43:13,101] [INFO] [logging.py:96:log_dist] [Rank 0] DeepSpeed Basic Optimizer = Adam
[2025-12-09 23:43:13,101] [INFO] [utils.py:56:is_zero_supported_optimizer] Checking ZeRO support for optimizer=Adam type=<class 'torch.optim.adam.Adam'>
[2025-12-09 23:43:13,101] [INFO] [logging.py:96:log_dist] [Rank 0] Creating torch.bfloat16 ZeRO stage 2 optimizer
[2025-12-09 23:43:13,102] [INFO] [stage_1_and_2.py:149:__init__] Reduce bucket size 200000000
[2025-12-09 23:43:13,102] [INFO] [stage_1_and_2.py:150:__init__] Allgather bucket size 200000000
[2025-12-09 23:43:13,102] [INFO] [stage_1_and_2.py:151:__init__] CPU Offload: False
[2025-12-09 23:43:13,102] [INFO] [stage_1_and_2.py:152:__init__] Round robin gradient partitioning: False
[2025-12-09 23:43:13,559] [INFO] [utils.py:800:see_memory_usage] Before initializing optimizer states
[2025-12-09 23:43:13,560] [INFO] [utils.py:801:see_memory_usage] MA 0.46 GB         Max_MA 0.56 GB         CA 0.58 GB         Max_CA 1 GB 
[2025-12-09 23:43:13,560] [INFO] [utils.py:808:see_memory_usage] CPU Virtual Memory:  used = 80.58 GB, percent = 16.0%
[2025-12-09 23:43:13,736] [INFO] [utils.py:800:see_memory_usage] After initializing optimizer states
[2025-12-09 23:43:13,737] [INFO] [utils.py:801:see_memory_usage] MA 0.46 GB         Max_MA 0.66 GB         CA 0.78 GB         Max_CA 1 GB 
[2025-12-09 23:43:13,737] [INFO] [utils.py:808:see_memory_usage] CPU Virtual Memory:  used = 80.53 GB, percent = 16.0%
[2025-12-09 23:43:13,737] [INFO] [stage_1_and_2.py:539:__init__] optimizer state initialized
[2025-12-09 23:43:13,907] [INFO] [utils.py:800:see_memory_usage] After initializing ZeRO optimizer
[2025-12-09 23:43:13,908] [INFO] [utils.py:801:see_memory_usage] MA 0.46 GB         Max_MA 0.46 GB         CA 0.78 GB         Max_CA 1 GB 
[2025-12-09 23:43:13,908] [INFO] [utils.py:808:see_memory_usage] CPU Virtual Memory:  used = 80.59 GB, percent = 16.0%
[2025-12-09 23:43:13,909] [INFO] [logging.py:96:log_dist] [Rank 0] DeepSpeed Final Optimizer = Adam
[2025-12-09 23:43:13,910] [INFO] [logging.py:96:log_dist] [Rank 0] DeepSpeed using client LR scheduler
[2025-12-09 23:43:13,910] [INFO] [logging.py:96:log_dist] [Rank 0] DeepSpeed LR Scheduler = None
[2025-12-09 23:43:13,910] [INFO] [logging.py:96:log_dist] [Rank 0] step=0, skipped=0, lr=[0.0003999999999999993], mom=[(0.95, 0.999)]
[2025-12-09 23:43:13,910] [INFO] [config.py:996:print] DeepSpeedEngine configuration:
[2025-12-09 23:43:13,911] [INFO] [config.py:1000:print]   activation_checkpointing_config  {
    "partition_activations": false, 
    "contiguous_memory_optimization": false, 
    "cpu_checkpointing": false, 
    "number_checkpoints": null, 
    "synchronize_checkpoint_boundary": false, 
    "profile": false
}
[2025-12-09 23:43:13,911] [INFO] [config.py:1000:print]   aio_config ................... {'block_size': 1048576, 'queue_depth': 8, 'thread_count': 1, 'single_submit': False, 'overlap_events': True}
[2025-12-09 23:43:13,911] [INFO] [config.py:1000:print]   amp_enabled .................. False
[2025-12-09 23:43:13,911] [INFO] [config.py:1000:print]   amp_params ................... False
[2025-12-09 23:43:13,911] [INFO] [config.py:1000:print]   autotuning_config ............ {
    "enabled": false, 
    "start_step": null, 
    "end_step": null, 
    "metric_path": null, 
    "arg_mappings": null, 
    "metric": "throughput", 
    "model_info": null, 
    "results_dir": "autotuning_results", 
    "exps_dir": "autotuning_exps", 
    "overwrite": true, 
    "fast": true, 
    "start_profile_step": 3, 
    "end_profile_step": 5, 
    "tuner_type": "gridsearch", 
    "tuner_early_stopping": 5, 
    "tuner_num_trials": 50, 
    "model_info_path": null, 
    "mp_size": 1, 
    "max_train_batch_size": null, 
    "min_train_batch_size": 1, 
    "max_train_micro_batch_size_per_gpu": 1.024000e+03, 
    "min_train_micro_batch_size_per_gpu": 1, 
    "num_tuning_micro_batch_sizes": 3
}
[2025-12-09 23:43:13,911] [INFO] [config.py:1000:print]   bfloat16_enabled ............. True
[2025-12-09 23:43:13,911] [INFO] [config.py:1000:print]   bfloat16_immediate_grad_update  False
[2025-12-09 23:43:13,911] [INFO] [config.py:1000:print]   checkpoint_parallel_write_pipeline  False
[2025-12-09 23:43:13,911] [INFO] [config.py:1000:print]   checkpoint_tag_validation_enabled  True
[2025-12-09 23:43:13,911] [INFO] [config.py:1000:print]   checkpoint_tag_validation_fail  False
[2025-12-09 23:43:13,911] [INFO] [config.py:1000:print]   comms_config ................. <deepspeed.comm.config.DeepSpeedCommsConfig object at 0x7f03590f0190>
[2025-12-09 23:43:13,911] [INFO] [config.py:1000:print]   communication_data_type ...... None
[2025-12-09 23:43:13,911] [INFO] [config.py:1000:print]   compile_config ............... enabled=False backend='inductor' kwargs={}
[2025-12-09 23:43:13,911] [INFO] [config.py:1000:print]   compression_config ........... {'weight_quantization': {'shared_parameters': {'enabled': False, 'quantizer_kernel': False, 'schedule_offset': 0, 'quantize_groups': 1, 'quantize_verbose': False, 'quantization_type': 'symmetric', 'quantize_weight_in_forward': False, 'rounding': 'nearest', 'fp16_mixed_quantize': False, 'quantize_change_ratio': 0.001}, 'different_groups': {}}, 'activation_quantization': {'shared_parameters': {'enabled': False, 'quantization_type': 'symmetric', 'range_calibration': 'dynamic', 'schedule_offset': 1000}, 'different_groups': {}}, 'sparse_pruning': {'shared_parameters': {'enabled': False, 'method': 'l1', 'schedule_offset': 1000}, 'different_groups': {}}, 'row_pruning': {'shared_parameters': {'enabled': False, 'method': 'l1', 'schedule_offset': 1000}, 'different_groups': {}}, 'head_pruning': {'shared_parameters': {'enabled': False, 'method': 'topk', 'schedule_offset': 1000}, 'different_groups': {}}, 'channel_pruning': {'shared_parameters': {'enabled': False, 'method': 'l1', 'schedule_offset': 1000}, 'different_groups': {}}, 'layer_reduction': {'enabled': False}}
[2025-12-09 23:43:13,911] [INFO] [config.py:1000:print]   curriculum_enabled_legacy .... False
[2025-12-09 23:43:13,911] [INFO] [config.py:1000:print]   curriculum_params_legacy ..... False
[2025-12-09 23:43:13,912] [INFO] [config.py:1000:print]   data_efficiency_config ....... {'enabled': False, 'seed': 1234, 'data_sampling': {'enabled': False, 'num_epochs': 1000, 'num_workers': 0, 'curriculum_learning': {'enabled': False}}, 'data_routing': {'enabled': False, 'random_ltd': {'enabled': False, 'layer_token_lr_schedule': {'enabled': False}}}}
[2025-12-09 23:43:13,912] [INFO] [config.py:1000:print]   data_efficiency_enabled ...... False
[2025-12-09 23:43:13,912] [INFO] [config.py:1000:print]   dataloader_drop_last ......... False
[2025-12-09 23:43:13,912] [INFO] [config.py:1000:print]   disable_allgather ............ False
[2025-12-09 23:43:13,912] [INFO] [config.py:1000:print]   dump_state ................... False
[2025-12-09 23:43:13,912] [INFO] [config.py:1000:print]   dynamic_loss_scale_args ...... None
[2025-12-09 23:43:13,912] [INFO] [config.py:1000:print]   eigenvalue_enabled ........... False
[2025-12-09 23:43:13,912] [INFO] [config.py:1000:print]   eigenvalue_gas_boundary_resolution  1
[2025-12-09 23:43:13,912] [INFO] [config.py:1000:print]   eigenvalue_layer_name ........ bert.encoder.layer
[2025-12-09 23:43:13,912] [INFO] [config.py:1000:print]   eigenvalue_layer_num ......... 0
[2025-12-09 23:43:13,912] [INFO] [config.py:1000:print]   eigenvalue_max_iter .......... 100
[2025-12-09 23:43:13,912] [INFO] [config.py:1000:print]   eigenvalue_stability ......... 1e-06
[2025-12-09 23:43:13,912] [INFO] [config.py:1000:print]   eigenvalue_tol ............... 0.01
[2025-12-09 23:43:13,912] [INFO] [config.py:1000:print]   eigenvalue_verbose ........... False
[2025-12-09 23:43:13,912] [INFO] [config.py:1000:print]   elasticity_enabled ........... False
[2025-12-09 23:43:13,912] [INFO] [config.py:1000:print]   flops_profiler_config ........ {
    "enabled": false, 
    "recompute_fwd_factor": 0.0, 
    "profile_step": 1, 
    "module_depth": -1, 
    "top_modules": 1, 
    "detailed": true, 
    "output_file": null
}
[2025-12-09 23:43:13,912] [INFO] [config.py:1000:print]   fp16_auto_cast ............... None
[2025-12-09 23:43:13,912] [INFO] [config.py:1000:print]   fp16_enabled ................. False
[2025-12-09 23:43:13,912] [INFO] [config.py:1000:print]   fp16_master_weights_and_gradients  False
[2025-12-09 23:43:13,912] [INFO] [config.py:1000:print]   global_rank .................. 0
[2025-12-09 23:43:13,912] [INFO] [config.py:1000:print]   grad_accum_dtype ............. None
[2025-12-09 23:43:13,912] [INFO] [config.py:1000:print]   gradient_accumulation_steps .. 1
[2025-12-09 23:43:13,912] [INFO] [config.py:1000:print]   gradient_clipping ............ 0.0
[2025-12-09 23:43:13,912] [INFO] [config.py:1000:print]   gradient_predivide_factor .... 1.0
[2025-12-09 23:43:13,912] [INFO] [config.py:1000:print]   graph_harvesting ............. False
[2025-12-09 23:43:13,912] [INFO] [config.py:1000:print]   hybrid_engine ................ enabled=False max_out_tokens=512 inference_tp_size=1 release_inference_cache=False pin_parameters=True tp_gather_partition_size=8
[2025-12-09 23:43:13,912] [INFO] [config.py:1000:print]   initial_dynamic_scale ........ 1
[2025-12-09 23:43:13,912] [INFO] [config.py:1000:print]   load_universal_checkpoint .... False
[2025-12-09 23:43:13,913] [INFO] [config.py:1000:print]   loss_scale ................... 1.0
[2025-12-09 23:43:13,913] [INFO] [config.py:1000:print]   memory_breakdown ............. False
[2025-12-09 23:43:13,913] [INFO] [config.py:1000:print]   mics_hierarchial_params_gather  False
[2025-12-09 23:43:13,913] [INFO] [config.py:1000:print]   mics_shard_size .............. -1
[2025-12-09 23:43:13,913] [INFO] [config.py:1000:print]   monitor_config ............... tensorboard=TensorBoardConfig(enabled=False, output_path='', job_name='DeepSpeedJobName') wandb=WandbConfig(enabled=False, group=None, team=None, project='deepspeed') csv_monitor=CSVConfig(enabled=False, output_path='', job_name='DeepSpeedJobName') enabled=False
[2025-12-09 23:43:13,913] [INFO] [config.py:1000:print]   nebula_config ................ {
    "enabled": false, 
    "persistent_storage_path": null, 
    "persistent_time_interval": 100, 
    "num_of_version_in_retention": 2, 
    "enable_nebula_load": true, 
    "load_path": null
}
[2025-12-09 23:43:13,913] [INFO] [config.py:1000:print]   optimizer_legacy_fusion ...... False
[2025-12-09 23:43:13,913] [INFO] [config.py:1000:print]   optimizer_name ............... None
[2025-12-09 23:43:13,913] [INFO] [config.py:1000:print]   optimizer_params ............. None
[2025-12-09 23:43:13,913] [INFO] [config.py:1000:print]   pipeline ..................... {'stages': 'auto', 'partition': 'best', 'seed_layers': False, 'activation_checkpoint_interval': 0, 'pipe_partitioned': True, 'grad_partitioned': True}
[2025-12-09 23:43:13,913] [INFO] [config.py:1000:print]   pld_enabled .................. False
[2025-12-09 23:43:13,913] [INFO] [config.py:1000:print]   pld_params ................... False
[2025-12-09 23:43:13,913] [INFO] [config.py:1000:print]   prescale_gradients ........... False
[2025-12-09 23:43:13,913] [INFO] [config.py:1000:print]   scheduler_name ............... None
[2025-12-09 23:43:13,913] [INFO] [config.py:1000:print]   scheduler_params ............. None
[2025-12-09 23:43:13,913] [INFO] [config.py:1000:print]   seq_parallel_communication_data_type  torch.float32
[2025-12-09 23:43:13,913] [INFO] [config.py:1000:print]   sparse_attention ............. None
[2025-12-09 23:43:13,913] [INFO] [config.py:1000:print]   sparse_gradients_enabled ..... False
[2025-12-09 23:43:13,913] [INFO] [config.py:1000:print]   steps_per_print .............. inf
[2025-12-09 23:43:13,913] [INFO] [config.py:1000:print]   train_batch_size ............. 24
[2025-12-09 23:43:13,913] [INFO] [config.py:1000:print]   train_micro_batch_size_per_gpu  24
[2025-12-09 23:43:13,913] [INFO] [config.py:1000:print]   use_data_before_expert_parallel_  False
[2025-12-09 23:43:13,913] [INFO] [config.py:1000:print]   use_node_local_storage ....... False
[2025-12-09 23:43:13,913] [INFO] [config.py:1000:print]   wall_clock_breakdown ......... False
[2025-12-09 23:43:13,913] [INFO] [config.py:1000:print]   weight_quantization_config ... None
[2025-12-09 23:43:13,913] [INFO] [config.py:1000:print]   world_size ................... 1
[2025-12-09 23:43:13,913] [INFO] [config.py:1000:print]   zero_allow_untested_optimizer  True
[2025-12-09 23:43:13,914] [INFO] [config.py:1000:print]   zero_config .................. stage=2 contiguous_gradients=True reduce_scatter=True reduce_bucket_size=200000000 use_multi_rank_bucket_allreduce=True allgather_partitions=True allgather_bucket_size=200000000 overlap_comm=True load_from_fp32_weights=True elastic_checkpoint=False offload_param=None offload_optimizer=None sub_group_size=1000000000 cpu_offload_param=None cpu_offload_use_pin_memory=None cpu_offload=None prefetch_bucket_size=50,000,000 param_persistence_threshold=100,000 model_persistence_threshold=sys.maxsize max_live_parameters=1,000,000,000 max_reuse_distance=1,000,000,000 gather_16bit_weights_on_model_save=False stage3_gather_fp16_weights_on_model_save=False ignore_unused_parameters=True legacy_stage1=False round_robin_gradients=False zero_hpz_partition_size=1 zero_quantized_weights=False zero_quantized_nontrainable_weights=False zero_quantized_gradients=False mics_shard_size=-1 mics_hierarchical_params_gather=False memory_efficient_linear=True pipeline_loading_checkpoint=False override_module_apply=True
[2025-12-09 23:43:13,914] [INFO] [config.py:1000:print]   zero_enabled ................. True
[2025-12-09 23:43:13,914] [INFO] [config.py:1000:print]   zero_force_ds_cpu_optimizer .. True
[2025-12-09 23:43:13,914] [INFO] [config.py:1000:print]   zero_optimization_stage ...... 2
[2025-12-09 23:43:13,914] [INFO] [config.py:986:print_user_config]   json = {
    "bf16": {
        "enabled": true, 
        "auto_cast": true
    }, 
    "zero_optimization": {
        "stage": 2, 
        "allgather_partitions": true, 
        "allgather_bucket_size": 2.000000e+08, 
        "overlap_comm": true, 
        "reduce_scatter": true, 
        "reduce_bucket_size": 2.000000e+08, 
        "contiguous_gradients": true, 
        "sub_group_size": 1.000000e+09
    }, 
    "gradient_accumulation_steps": 1, 
    "train_batch_size": 24, 
    "train_micro_batch_size_per_gpu": 24, 
    "steps_per_print": inf, 
    "wall_clock_breakdown": false, 
    "fp16": {
        "enabled": false
    }, 
    "zero_allow_untested_optimizer": true
}

1it [00:01,  1.67s/it]
	iters: 100, epoch: 1 | loss: 0.4816745
	speed: 0.1343s/iter; left time: 3131.9638s
	iters: 200, epoch: 1 | loss: 0.6722435
	speed: 0.0827s/iter; left time: 1919.4854s
	iters: 300, epoch: 1 | loss: 0.5340940
	speed: 0.0843s/iter; left time: 1948.9545s
	iters: 400, epoch: 1 | loss: 0.4222359
	speed: 0.0832s/iter; left time: 1915.1359s
	iters: 500, epoch: 1 | loss: 0.4236453
	speed: 0.0850s/iter; left time: 1949.3711s
	iters: 600, epoch: 1 | loss: 0.3969319
	speed: 0.0819s/iter; left time: 1869.6430s
	iters: 700, epoch: 1 | loss: 0.4202925
	speed: 0.0871s/iter; left time: 1979.5635s
	iters: 800, epoch: 1 | loss: 0.2902191
	speed: 0.0851s/iter; left time: 1924.8637s
	iters: 900, epoch: 1 | loss: 0.2698101
	speed: 0.0833s/iter; left time: 1874.8975s
	iters: 1000, epoch: 1 | loss: 0.3058049
	speed: 0.0813s/iter; left time: 1823.8496s
	iters: 1100, epoch: 1 | loss: 0.4308926
	speed: 0.0850s/iter; left time: 1897.2309s
	iters: 1200, epoch: 1 | loss: 0.4328177
	speed: 0.0851s/iter; left time: 1891.6228s
	iters: 1300, epoch: 1 | loss: 0.4033787
	speed: 0.0827s/iter; left time: 1830.4600s
	iters: 1400, epoch: 1 | loss: 0.4317374
	speed: 0.0829s/iter; left time: 1825.3115s
	iters: 1500, epoch: 1 | loss: 0.3118933
	speed: 0.0866s/iter; left time: 1899.2742s
	iters: 1600, epoch: 1 | loss: 0.2488992
	speed: 0.0832s/iter; left time: 1814.5223s
	iters: 1700, epoch: 1 | loss: 0.2937539
	speed: 0.0881s/iter; left time: 1913.5195s
	iters: 1800, epoch: 1 | loss: 0.4523446
	speed: 0.0848s/iter; left time: 1832.9279s
	iters: 1900, epoch: 1 | loss: 0.3726187
	speed: 0.0862s/iter; left time: 1855.6676s
	iters: 2000, epoch: 1 | loss: 0.4979304
	speed: 0.0859s/iter; left time: 1840.2320s
	iters: 2100, epoch: 1 | loss: 0.6266009
	speed: 0.0849s/iter; left time: 1809.6987s
	iters: 2200, epoch: 1 | loss: 0.4166315
	speed: 0.0832s/iter; left time: 1765.9749s
	iters: 2300, epoch: 1 | loss: 0.4343227
	speed: 0.0856s/iter; left time: 1808.7259s
Epoch: 1 cost time: 199.34537267684937


Epoch: 1 | Train Loss: 0.4180175 Vali Loss: 0.8268283 Test Loss: 0.4339697 MAE Loss: 0.4332046
lr = 0.0004000000
Updating learning rate to 0.0003999999999999993

	iters: 100, epoch: 2 | loss: 0.3470678
	speed: 0.9473s/iter; left time: 19874.4256s
	iters: 200, epoch: 2 | loss: 0.3640400
	speed: 0.0763s/iter; left time: 1593.3625s
	iters: 300, epoch: 2 | loss: 0.4093989
	speed: 0.0783s/iter; left time: 1626.7958s
	iters: 400, epoch: 2 | loss: 0.2563293
	speed: 0.0756s/iter; left time: 1563.7171s
	iters: 500, epoch: 2 | loss: 0.2842010
	speed: 0.0779s/iter; left time: 1604.1059s
	iters: 600, epoch: 2 | loss: 0.3925934
	speed: 0.0777s/iter; left time: 1590.2160s
	iters: 700, epoch: 2 | loss: 0.3107077
	speed: 0.0790s/iter; left time: 1608.9848s
	iters: 800, epoch: 2 | loss: 0.4202897
	speed: 0.0776s/iter; left time: 1573.1766s
	iters: 900, epoch: 2 | loss: 0.3338782
	speed: 0.0788s/iter; left time: 1590.6395s
	iters: 1000, epoch: 2 | loss: 0.2757773
	speed: 0.0782s/iter; left time: 1570.2681s
	iters: 1100, epoch: 2 | loss: 1.0426602
	speed: 0.0767s/iter; left time: 1531.8719s
	iters: 1200, epoch: 2 | loss: 0.5031689
	speed: 0.0791s/iter; left time: 1571.9662s
	iters: 1300, epoch: 2 | loss: 0.4221729
	speed: 0.0766s/iter; left time: 1515.1819s
	iters: 1400, epoch: 2 | loss: 0.2923411
	speed: 0.0779s/iter; left time: 1533.2302s
	iters: 1500, epoch: 2 | loss: 0.3113991
	speed: 0.0764s/iter; left time: 1494.9293s
	iters: 1600, epoch: 2 | loss: 0.2431544
	speed: 0.0791s/iter; left time: 1540.9761s
	iters: 1700, epoch: 2 | loss: 0.2988946
	speed: 0.0780s/iter; left time: 1510.8920s
	iters: 1800, epoch: 2 | loss: 0.5235412
	speed: 0.0764s/iter; left time: 1473.6395s
	iters: 1900, epoch: 2 | loss: 0.5016604
	speed: 0.0767s/iter; left time: 1471.9148s
	iters: 2000, epoch: 2 | loss: 0.4510992
	speed: 0.0773s/iter; left time: 1475.0573s
	iters: 2100, epoch: 2 | loss: 0.3612064
	speed: 0.0754s/iter; left time: 1431.4534s
	iters: 2200, epoch: 2 | loss: 0.3441516
	speed: 0.0782s/iter; left time: 1476.8618s
	iters: 2300, epoch: 2 | loss: 0.3641645
	speed: 0.0781s/iter; left time: 1466.1804s
Epoch: 2 cost time: 182.25809121131897


Epoch: 2 | Train Loss: 0.4119100 Vali Loss: 0.7985611 Test Loss: 0.4124755 MAE Loss: 0.4287259
Updating learning rate to 0.00019999999999999966

	iters: 100, epoch: 3 | loss: 0.3137400
	speed: 0.8515s/iter; left time: 15869.5541s
	iters: 200, epoch: 3 | loss: 0.2810372
	speed: 0.0763s/iter; left time: 1414.5481s
	iters: 300, epoch: 3 | loss: 0.3827117
	speed: 0.0782s/iter; left time: 1441.0237s
	iters: 400, epoch: 3 | loss: 0.3830109
	speed: 0.0779s/iter; left time: 1428.9853s
	iters: 500, epoch: 3 | loss: 0.4750156
	speed: 0.0779s/iter; left time: 1420.5814s
	iters: 600, epoch: 3 | loss: 0.3941616
	speed: 0.0772s/iter; left time: 1400.3119s
	iters: 700, epoch: 3 | loss: 0.4069895
	speed: 0.0773s/iter; left time: 1394.8310s
	iters: 800, epoch: 3 | loss: 0.3739767
	speed: 0.0783s/iter; left time: 1403.6038s
	iters: 900, epoch: 3 | loss: 0.4864700
	speed: 0.0790s/iter; left time: 1409.6344s
	iters: 1000, epoch: 3 | loss: 0.3850831
	speed: 0.0762s/iter; left time: 1351.0940s
	iters: 1100, epoch: 3 | loss: 0.2969156
	speed: 0.0784s/iter; left time: 1382.5085s
	iters: 1200, epoch: 3 | loss: 0.5151629
	speed: 0.0757s/iter; left time: 1327.4533s
	iters: 1300, epoch: 3 | loss: 0.4141953
	speed: 0.0764s/iter; left time: 1331.5661s
	iters: 1400, epoch: 3 | loss: 0.2758695
	speed: 0.0765s/iter; left time: 1326.5310s
	iters: 1500, epoch: 3 | loss: 0.3080452
	speed: 0.0764s/iter; left time: 1316.6346s
	iters: 1600, epoch: 3 | loss: 0.4457428
	speed: 0.0771s/iter; left time: 1320.4519s
	iters: 1700, epoch: 3 | loss: 0.4036253
	speed: 0.0752s/iter; left time: 1280.5597s
	iters: 1800, epoch: 3 | loss: 0.3121683
	speed: 0.0788s/iter; left time: 1335.0952s
	iters: 1900, epoch: 3 | loss: 0.3233468
	speed: 0.0795s/iter; left time: 1338.5478s
	iters: 2000, epoch: 3 | loss: 0.3583732
	speed: 0.0772s/iter; left time: 1292.0220s
	iters: 2100, epoch: 3 | loss: 0.3332879
	speed: 0.0771s/iter; left time: 1281.9622s
	iters: 2200, epoch: 3 | loss: 0.3079375
	speed: 0.0771s/iter; left time: 1274.3276s
	iters: 2300, epoch: 3 | loss: 0.4560729
	speed: 0.0762s/iter; left time: 1251.8982s
Epoch: 3 cost time: 181.8256561756134


Epoch: 3 | Train Loss: 0.3945732 Vali Loss: 0.7602388 Test Loss: 0.3949929 MAE Loss: 0.4190215
Updating learning rate to 9.999999999999983e-05

	iters: 100, epoch: 4 | loss: 0.4258408
	speed: 0.8406s/iter; left time: 13696.9858s
	iters: 200, epoch: 4 | loss: 0.3676094
	speed: 0.0762s/iter; left time: 1233.7928s
	iters: 300, epoch: 4 | loss: 0.3836011
	speed: 0.0751s/iter; left time: 1209.2406s
	iters: 400, epoch: 4 | loss: 0.3455261
	speed: 0.0777s/iter; left time: 1243.1876s
	iters: 500, epoch: 4 | loss: 0.2737880
	speed: 0.0781s/iter; left time: 1241.9868s
	iters: 600, epoch: 4 | loss: 0.4131669
	speed: 0.0777s/iter; left time: 1227.6824s
	iters: 700, epoch: 4 | loss: 0.2973203
	speed: 0.0755s/iter; left time: 1184.2055s
	iters: 800, epoch: 4 | loss: 0.2747332
	speed: 0.0766s/iter; left time: 1194.6383s
	iters: 900, epoch: 4 | loss: 0.3283660
	speed: 0.0799s/iter; left time: 1238.1518s
	iters: 1000, epoch: 4 | loss: 0.3372709
	speed: 0.0793s/iter; left time: 1221.1132s
	iters: 1100, epoch: 4 | loss: 0.4765970
	speed: 0.0791s/iter; left time: 1210.0547s
	iters: 1200, epoch: 4 | loss: 0.5629665
	speed: 0.0792s/iter; left time: 1204.0587s
	iters: 1300, epoch: 4 | loss: 0.3997743
	speed: 0.0794s/iter; left time: 1198.6847s
	iters: 1400, epoch: 4 | loss: 0.3999304
	speed: 0.0773s/iter; left time: 1159.0673s
	iters: 1500, epoch: 4 | loss: 0.2955776
	speed: 0.0775s/iter; left time: 1155.0205s
	iters: 1600, epoch: 4 | loss: 0.7578419
	speed: 0.0789s/iter; left time: 1166.9816s
	iters: 1700, epoch: 4 | loss: 0.4349751
	speed: 0.0786s/iter; left time: 1154.7052s
	iters: 1800, epoch: 4 | loss: 0.3351864
	speed: 0.0786s/iter; left time: 1147.0291s
	iters: 1900, epoch: 4 | loss: 0.4857048
	speed: 0.0786s/iter; left time: 1139.0799s
	iters: 2000, epoch: 4 | loss: 0.3596888
	speed: 0.0771s/iter; left time: 1110.4399s
	iters: 2100, epoch: 4 | loss: 0.4029302
	speed: 0.0770s/iter; left time: 1100.2001s
	iters: 2200, epoch: 4 | loss: 0.2657359
	speed: 0.0758s/iter; left time: 1076.0018s
	iters: 2300, epoch: 4 | loss: 0.2733328
	speed: 0.0773s/iter; left time: 1089.8094s
Epoch: 4 cost time: 182.56510186195374


Epoch: 4 | Train Loss: 0.3870516 Vali Loss: 0.7544885 Test Loss: 0.3902799 MAE Loss: 0.4141498
Updating learning rate to 4.9999999999999914e-05

	iters: 100, epoch: 5 | loss: 0.4376734
	speed: 0.8411s/iter; left time: 11735.9616s
	iters: 200, epoch: 5 | loss: 0.3687617
	speed: 0.0786s/iter; left time: 1088.9914s
	iters: 300, epoch: 5 | loss: 0.4299690
	speed: 0.0771s/iter; left time: 1060.4331s
	iters: 400, epoch: 5 | loss: 0.2690646
	speed: 0.0808s/iter; left time: 1102.6808s
	iters: 500, epoch: 5 | loss: 0.3147424
	speed: 0.0799s/iter; left time: 1082.8381s
	iters: 600, epoch: 5 | loss: 0.2695676
	speed: 0.0777s/iter; left time: 1044.9895s
	iters: 700, epoch: 5 | loss: 0.3891652
	speed: 0.0779s/iter; left time: 1039.8198s
	iters: 800, epoch: 5 | loss: 0.5749112
	speed: 0.0766s/iter; left time: 1015.6889s
	iters: 900, epoch: 5 | loss: 0.6481838
	speed: 0.0764s/iter; left time: 1004.4987s
	iters: 1000, epoch: 5 | loss: 0.3931030
	speed: 0.0780s/iter; left time: 1017.9752s
	iters: 1100, epoch: 5 | loss: 0.3428967
	speed: 0.0786s/iter; left time: 1018.4017s
	iters: 1200, epoch: 5 | loss: 0.3439056
	speed: 0.0779s/iter; left time: 1000.7917s
	iters: 1300, epoch: 5 | loss: 0.6047746
	speed: 0.0799s/iter; left time: 1019.0879s
	iters: 1400, epoch: 5 | loss: 0.2593240
	speed: 0.0769s/iter; left time: 973.2573s
	iters: 1500, epoch: 5 | loss: 0.4735204
	speed: 0.0793s/iter; left time: 996.0166s
	iters: 1600, epoch: 5 | loss: 0.3354415
	speed: 0.0766s/iter; left time: 953.5930s
	iters: 1700, epoch: 5 | loss: 0.3573985
	speed: 0.0795s/iter; left time: 982.1581s
	iters: 1800, epoch: 5 | loss: 0.2526467
	speed: 0.0791s/iter; left time: 969.5446s
	iters: 1900, epoch: 5 | loss: 0.4056704
	speed: 0.0770s/iter; left time: 935.3794s
	iters: 2000, epoch: 5 | loss: 0.3778282
	speed: 0.0777s/iter; left time: 936.8680s
	iters: 2100, epoch: 5 | loss: 0.4276989
	speed: 0.0764s/iter; left time: 913.4555s
	iters: 2200, epoch: 5 | loss: 0.3011670
	speed: 0.0759s/iter; left time: 899.7602s
	iters: 2300, epoch: 5 | loss: 0.3738258
	speed: 0.0780s/iter; left time: 917.2171s
Epoch: 5 cost time: 183.24640011787415


Epoch: 5 | Train Loss: 0.3799359 Vali Loss: 0.7540814 Test Loss: 0.3946045 MAE Loss: 0.4180704
Updating learning rate to 2.4999999999999957e-05

	iters: 100, epoch: 6 | loss: 0.3284569
	speed: 0.8463s/iter; left time: 9826.5871s
	iters: 200, epoch: 6 | loss: 0.4742262
	speed: 0.0761s/iter; left time: 875.6624s
	iters: 300, epoch: 6 | loss: 0.3660364
	speed: 0.0781s/iter; left time: 890.7174s
	iters: 400, epoch: 6 | loss: 0.4883248
	speed: 0.0771s/iter; left time: 871.7922s
	iters: 500, epoch: 6 | loss: 0.3101533
	speed: 0.0779s/iter; left time: 873.5180s
	iters: 600, epoch: 6 | loss: 0.4580983
	speed: 0.0761s/iter; left time: 845.8973s
	iters: 700, epoch: 6 | loss: 0.3137610
	speed: 0.0768s/iter; left time: 846.1113s
	iters: 800, epoch: 6 | loss: 0.3520676
	speed: 0.0801s/iter; left time: 874.0957s
	iters: 900, epoch: 6 | loss: 0.4382110
	speed: 0.0763s/iter; left time: 825.1090s
	iters: 1000, epoch: 6 | loss: 0.3710897
	speed: 0.0780s/iter; left time: 835.2416s
	iters: 1100, epoch: 6 | loss: 0.2310980
	speed: 0.0778s/iter; left time: 825.2145s
	iters: 1200, epoch: 6 | loss: 0.6707871
	speed: 0.0779s/iter; left time: 818.6448s
	iters: 1300, epoch: 6 | loss: 0.4408956
	speed: 0.0761s/iter; left time: 792.5341s
	iters: 1400, epoch: 6 | loss: 0.3490743
	speed: 0.0757s/iter; left time: 780.2402s
	iters: 1500, epoch: 6 | loss: 0.2913857
	speed: 0.0784s/iter; left time: 801.0030s
	iters: 1600, epoch: 6 | loss: 0.4402510
	speed: 0.0781s/iter; left time: 790.0380s
	iters: 1700, epoch: 6 | loss: 0.3269533
	speed: 0.0788s/iter; left time: 789.2585s
	iters: 1800, epoch: 6 | loss: 0.3388655
	speed: 0.0780s/iter; left time: 773.2186s
	iters: 1900, epoch: 6 | loss: 0.4238605
	speed: 0.0789s/iter; left time: 773.6219s
	iters: 2000, epoch: 6 | loss: 0.2998730
	speed: 0.0797s/iter; left time: 774.0113s
	iters: 2100, epoch: 6 | loss: 0.2670115
	speed: 0.0782s/iter; left time: 751.2118s
	iters: 2200, epoch: 6 | loss: 0.5151803
	speed: 0.0773s/iter; left time: 735.1502s
	iters: 2300, epoch: 6 | loss: 0.5680701
	speed: 0.0794s/iter; left time: 747.3545s
Epoch: 6 cost time: 182.9487874507904


Epoch: 6 | Train Loss: 0.3765254 Vali Loss: 0.7518916 Test Loss: 0.3910526 MAE Loss: 0.4159533
Updating learning rate to 1.2499999999999979e-05

	iters: 100, epoch: 7 | loss: 0.2990304
	speed: 0.8407s/iter; left time: 7792.8369s
	iters: 200, epoch: 7 | loss: 0.4892090
	speed: 0.0772s/iter; left time: 707.9435s
	iters: 300, epoch: 7 | loss: 0.2303551
	speed: 0.0781s/iter; left time: 708.5899s
	iters: 400, epoch: 7 | loss: 0.3908878
	speed: 0.0774s/iter; left time: 694.1403s
	iters: 500, epoch: 7 | loss: 0.3591656
	speed: 0.0767s/iter; left time: 680.1020s
	iters: 600, epoch: 7 | loss: 0.4127785
	speed: 0.0793s/iter; left time: 695.5232s
	iters: 700, epoch: 7 | loss: 0.3320813
	speed: 0.0772s/iter; left time: 669.2037s
	iters: 800, epoch: 7 | loss: 0.4535288
	speed: 0.0795s/iter; left time: 680.9900s
	iters: 900, epoch: 7 | loss: 0.3399767
	speed: 0.0780s/iter; left time: 660.7633s
	iters: 1000, epoch: 7 | loss: 0.3320904
	speed: 0.0790s/iter; left time: 661.3481s
	iters: 1100, epoch: 7 | loss: 0.5064330
	speed: 0.0780s/iter; left time: 645.3654s
	iters: 1200, epoch: 7 | loss: 0.2968127
	speed: 0.0795s/iter; left time: 649.0963s
	iters: 1300, epoch: 7 | loss: 0.2457651
	speed: 0.0786s/iter; left time: 633.9370s
	iters: 1400, epoch: 7 | loss: 0.3436650
	speed: 0.0785s/iter; left time: 625.8401s
	iters: 1500, epoch: 7 | loss: 0.2952060
	speed: 0.0802s/iter; left time: 630.9130s
	iters: 1600, epoch: 7 | loss: 0.3403290
	speed: 0.0777s/iter; left time: 603.5956s
	iters: 1700, epoch: 7 | loss: 0.4254678
	speed: 0.0773s/iter; left time: 592.7236s
	iters: 1800, epoch: 7 | loss: 0.2151631
	speed: 0.0776s/iter; left time: 587.2686s
	iters: 1900, epoch: 7 | loss: 0.5348010
	speed: 0.0771s/iter; left time: 576.2046s
	iters: 2000, epoch: 7 | loss: 0.3423693
	speed: 0.0776s/iter; left time: 572.1213s
	iters: 2100, epoch: 7 | loss: 0.2950665
	speed: 0.0782s/iter; left time: 568.2104s
	iters: 2200, epoch: 7 | loss: 0.4707894
	speed: 0.0784s/iter; left time: 562.0054s
	iters: 2300, epoch: 7 | loss: 0.2961453
	speed: 0.0772s/iter; left time: 545.9096s
Epoch: 7 cost time: 183.75770545005798


Epoch: 7 | Train Loss: 0.3748481 Vali Loss: 0.7472287 Test Loss: 0.3894075 MAE Loss: 0.4148900
Updating learning rate to 6.249999999999989e-06

	iters: 100, epoch: 8 | loss: 0.4989789
	speed: 0.8505s/iter; left time: 5891.3519s
	iters: 200, epoch: 8 | loss: 0.3518656
	speed: 0.0772s/iter; left time: 527.2585s
	iters: 300, epoch: 8 | loss: 0.4603148
	speed: 0.0790s/iter; left time: 531.3835s
	iters: 400, epoch: 8 | loss: 0.2713421
	speed: 0.0779s/iter; left time: 516.1370s
	iters: 500, epoch: 8 | loss: 0.4121256
	speed: 0.0775s/iter; left time: 505.8819s
	iters: 600, epoch: 8 | loss: 0.6198527
	speed: 0.0806s/iter; left time: 517.9492s
	iters: 700, epoch: 8 | loss: 0.4300812
	speed: 0.0787s/iter; left time: 498.1044s
	iters: 800, epoch: 8 | loss: 0.3863237
	speed: 0.0776s/iter; left time: 483.1474s
	iters: 900, epoch: 8 | loss: 0.4650796
	speed: 0.0788s/iter; left time: 482.5830s
	iters: 1000, epoch: 8 | loss: 0.4269846
	speed: 0.0798s/iter; left time: 481.0189s
	iters: 1100, epoch: 8 | loss: 0.3038239
	speed: 0.0752s/iter; left time: 445.5765s
	iters: 1200, epoch: 8 | loss: 0.3724730
	speed: 0.0785s/iter; left time: 457.3779s
	iters: 1300, epoch: 8 | loss: 0.3272456
	speed: 0.0792s/iter; left time: 453.8625s
	iters: 1400, epoch: 8 | loss: 0.3311777
	speed: 0.0753s/iter; left time: 423.8998s
	iters: 1500, epoch: 8 | loss: 0.5098643
	speed: 0.0789s/iter; left time: 436.3390s
	iters: 1600, epoch: 8 | loss: 0.3654940
	speed: 0.0783s/iter; left time: 424.7922s
	iters: 1700, epoch: 8 | loss: 0.3045458
	speed: 0.0772s/iter; left time: 411.1173s
	iters: 1800, epoch: 8 | loss: 0.2886578
	speed: 0.0787s/iter; left time: 411.2860s
	iters: 1900, epoch: 8 | loss: 0.2655990
	speed: 0.0779s/iter; left time: 399.3541s
	iters: 2000, epoch: 8 | loss: 0.3946051
	speed: 0.0770s/iter; left time: 386.9849s
	iters: 2100, epoch: 8 | loss: 0.2170760
	speed: 0.0763s/iter; left time: 376.1670s
	iters: 2200, epoch: 8 | loss: 0.5793528
	speed: 0.0770s/iter; left time: 371.9190s
	iters: 2300, epoch: 8 | loss: 0.4000336
	speed: 0.0778s/iter; left time: 367.7528s
Epoch: 8 cost time: 183.21844148635864


Epoch: 8 | Train Loss: 0.3731968 Vali Loss: 0.7501956 Test Loss: 0.3896041 MAE Loss: 0.4147839
EarlyStopping counter: 1 out of 10
Updating learning rate to 3.1249999999999946e-06

	iters: 100, epoch: 9 | loss: 0.4510923
	speed: 0.8317s/iter; left time: 3813.2575s
	iters: 200, epoch: 9 | loss: 0.2550456
	speed: 0.0777s/iter; left time: 348.5504s
	iters: 300, epoch: 9 | loss: 0.2582181
	speed: 0.0781s/iter; left time: 342.4855s
	iters: 400, epoch: 9 | loss: 0.2788714
	speed: 0.0789s/iter; left time: 338.1054s
	iters: 500, epoch: 9 | loss: 0.5405979
	speed: 0.0795s/iter; left time: 332.6528s
	iters: 600, epoch: 9 | loss: 0.3146043
	speed: 0.0780s/iter; left time: 318.5506s
	iters: 700, epoch: 9 | loss: 0.3945599
	speed: 0.0781s/iter; left time: 311.2039s
	iters: 800, epoch: 9 | loss: 0.5433154
	speed: 0.0790s/iter; left time: 306.9446s
	iters: 900, epoch: 9 | loss: 0.3091268
	speed: 0.0775s/iter; left time: 293.4774s
	iters: 1000, epoch: 9 | loss: 0.3392955
	speed: 0.0797s/iter; left time: 293.7593s
	iters: 1100, epoch: 9 | loss: 0.3129782
	speed: 0.0771s/iter; left time: 276.4539s
	iters: 1200, epoch: 9 | loss: 0.3176441
	speed: 0.0751s/iter; left time: 261.8845s
	iters: 1300, epoch: 9 | loss: 0.4710041
	speed: 0.0757s/iter; left time: 256.1633s
	iters: 1400, epoch: 9 | loss: 0.3189229
	speed: 0.0784s/iter; left time: 257.5517s
	iters: 1500, epoch: 9 | loss: 0.3378097
	speed: 0.0805s/iter; left time: 256.2811s
	iters: 1600, epoch: 9 | loss: 0.2893252
	speed: 0.0749s/iter; left time: 231.1807s
	iters: 1700, epoch: 9 | loss: 0.5275038
	speed: 0.0750s/iter; left time: 223.7440s
	iters: 1800, epoch: 9 | loss: 0.5392655
	speed: 0.0784s/iter; left time: 226.1507s
	iters: 1900, epoch: 9 | loss: 0.3050597
	speed: 0.0793s/iter; left time: 220.7136s
	iters: 2000, epoch: 9 | loss: 0.4040460
	speed: 0.0778s/iter; left time: 208.7671s
	iters: 2100, epoch: 9 | loss: 0.3438861
	speed: 0.0766s/iter; left time: 197.9570s
	iters: 2200, epoch: 9 | loss: 0.3917643
	speed: 0.0787s/iter; left time: 195.6032s
	iters: 2300, epoch: 9 | loss: 0.2464675
	speed: 0.0776s/iter; left time: 185.0385s
Epoch: 9 cost time: 183.04851579666138


Epoch: 9 | Train Loss: 0.3730390 Vali Loss: 0.7505246 Test Loss: 0.3897143 MAE Loss: 0.4149985
EarlyStopping counter: 2 out of 10
Updating learning rate to 1.5624999999999973e-06

